<?xml version="1.0" encoding="UTF-8" ?>
<testsuite errors="0" failures="0" hostname="unmesh-laptop" name="com.pubmatic.parser.PublisherOnboardingFormPOIBasedParserTest" skipped="1" tests="3" time="10.646" timestamp="2014-04-15T10:59:53">
  <properties>
[...]
</properties>
  <testcase classname="com.pubmatic.parser.PublisherOnboardingFormPOIBasedParserTest" name="shouldParseFormControlsFromXlsx" time="0.0">
    <skipped />
  </testcase>
  <testcase classname="com.pubmatic.parser.PublisherOnboardingFormPOIBasedParserTest" name="shouldParsePlatformEngagement" time="0.001" />
  <testcase classname="com.pubmatic.parser.PublisherOnboardingFormPOIBasedParserTest" name="shouldParseOnboardingTables" time="0.0" />
  <system-out><![CDATA[]]></system-out>
  <system-err><![CDATA[]]></system-err>
</testsuite>
