<?xml version="1.0" encoding="UTF-8" ?>
<testsuite errors="0" failures="0" hostname="unmesh-laptop" name="com.pubmatic.parser.PublisherOnboardingFormPOIBasedParserTest" skipped="1" tests="3" time="9.364" timestamp="2014-04-15T14:05:06">
  <properties>
[...]
</properties>
  <testcase classname="com.pubmatic.parser.PublisherOnboardingFormPOIBasedParserTest" name="shouldParseFormControlsFromXlsx" time="0.0">
    <skipped />
  </testcase>
  <testcase classname="com.pubmatic.parser.PublisherOnboardingFormPOIBasedParserTest" name="shouldParsePlatformEngagement" time="0.0" />
  <testcase classname="com.pubmatic.parser.PublisherOnboardingFormPOIBasedParserTest" name="shouldParseOnboardingTables" time="0.046" />
  <system-out><![CDATA[desktopApplications = {"highLevelSiteInfo":{"siteInfos":[{"siteName":"Gawker.com","category":"Entertainment \u0026 Leisure","description":"Gawker Media is the publisher of some of the best loved titles on the web including the eponymous Gawker and gadget sensation Gizmodo.","typeOfInventory":"Website","transperancy":"Transparent","uniqUsers":9000000.0,"clickThroughRate":0.03,"usTraffic":"80% US","caTraffic":"15% CA","ukTraffic":"3% UK","auTraffic":"2% AU"}]},"websiteDetails":{"websites":[]}}
]]></system-out>
  <system-err><![CDATA[]]></system-err>
</testsuite>
