<?xml version="1.0" encoding="UTF-8" ?>
<testsuite errors="1" failures="0" hostname="unmesh-laptop" name="com.pubmatic.parser.PublisherOnboardingFormJExcelAPIBasedParserTest" tests="1" time="0.063" timestamp="2014-04-15T09:05:11">
  <properties>
[...]
</properties>
  <testcase classname="com.pubmatic.parser.PublisherOnboardingFormJExcelAPIBasedParserTest" name="shouldParseOnboardingFormXlsx" time="0.017">
    <error message="jxl/Workbook" type="java.lang.NoClassDefFoundError">java.lang.NoClassDefFoundError: jxl/Workbook
	at com.pubmatic.parser.PublisherOnboardingFormJExcelAPIBasedParserTest.shouldParseOnboardingFormXlsx(PublisherOnboardingFormJExcelAPIBasedParserTest.java:20)
Caused by: java.lang.ClassNotFoundException: jxl.Workbook
	at java.lang.ClassLoader.loadClass(ClassLoader.java:357)
</error>
  </testcase>
  <system-out><![CDATA[]]></system-out>
  <system-err><![CDATA[Unable to obtain resource from /home/unmesh/work/pubmatic/target/build/classes/com/pubmatic/parser/Contact.class: 
java.util.zip.ZipException: error in opening zip file
	at java.util.zip.ZipFile.open(Native Method)
	at java.util.zip.ZipFile.<init>(ZipFile.java:220)
	at java.util.zip.ZipFile.<init>(ZipFile.java:150)
	at java.util.jar.JarFile.<init>(JarFile.java:166)
	at java.util.jar.JarFile.<init>(JarFile.java:130)
	at org.apache.tools.ant.AntClassLoader.getResourceURL(AntClassLoader.java:1002)
	at org.apache.tools.ant.AntClassLoader$ResourceEnumeration.findNextResource(AntClassLoader.java:145)
	at org.apache.tools.ant.AntClassLoader$ResourceEnumeration.<init>(AntClassLoader.java:109)
	at org.apache.tools.ant.AntClassLoader.findResources(AntClassLoader.java:949)
	at org.apache.tools.ant.AntClassLoader.findResources(AntClassLoader.java:931)
	at java.lang.ClassLoader.getResources(ClassLoader.java:1139)
	at java.util.ServiceLoader$LazyIterator.hasNextService(ServiceLoader.java:348)
	at java.util.ServiceLoader$LazyIterator.hasNext(ServiceLoader.java:393)
	at java.util.ServiceLoader$1.hasNext(ServiceLoader.java:474)
	at javax.xml.parsers.FactoryFinder$1.run(FactoryFinder.java:293)
	at java.security.AccessController.doPrivileged(Native Method)
	at javax.xml.parsers.FactoryFinder.findServiceProvider(FactoryFinder.java:289)
	at javax.xml.parsers.FactoryFinder.find(FactoryFinder.java:267)
	at javax.xml.parsers.DocumentBuilderFactory.newInstance(DocumentBuilderFactory.java:120)
	at org.apache.tools.ant.taskdefs.optional.junit.XMLJUnitResultFormatter.getDocumentBuilder(XMLJUnitResultFormatter.java:60)
	at org.apache.tools.ant.taskdefs.optional.junit.XMLJUnitResultFormatter.startTestSuite(XMLJUnitResultFormatter.java:115)
	at org.apache.tools.ant.taskdefs.optional.junit.JUnitTestRunner.fireStartTestSuite(JUnitTestRunner.java:719)
	at org.apache.tools.ant.taskdefs.optional.junit.JUnitTestRunner.run(JUnitTestRunner.java:506)
	at org.apache.tools.ant.taskdefs.optional.junit.JUnitTask.executeInVM(JUnitTask.java:1420)
	at org.apache.tools.ant.taskdefs.optional.junit.JUnitTask.execute(JUnitTask.java:848)
	at org.apache.tools.ant.taskdefs.optional.junit.JUnitTask.executeOrQueue(JUnitTask.java:1899)
	at org.apache.tools.ant.taskdefs.optional.junit.JUnitTask.execute(JUnitTask.java:800)
	at org.apache.tools.ant.UnknownElement.execute(UnknownElement.java:291)
	at sun.reflect.GeneratedMethodAccessor4.invoke(Unknown Source)
	at sun.reflect.DelegatingMethodAccessorImpl.invoke(DelegatingMethodAccessorImpl.java:43)
	at java.lang.reflect.Method.invoke(Method.java:483)
	at org.apache.tools.ant.dispatch.DispatchUtils.execute(DispatchUtils.java:106)
	at org.apache.tools.ant.Task.perform(Task.java:348)
	at org.apache.tools.ant.Target.execute(Target.java:390)
	at org.apache.tools.ant.Target.performTasks(Target.java:411)
	at org.apache.tools.ant.Project.executeSortedTargets(Project.java:1399)
	at org.apache.tools.ant.Project.executeTarget(Project.java:1368)
	at org.apache.tools.ant.helper.DefaultExecutor.executeTargets(DefaultExecutor.java:41)
	at org.apache.tools.ant.Project.executeTargets(Project.java:1251)
	at org.apache.tools.ant.Main.runBuild(Main.java:809)
	at org.apache.tools.ant.Main.startAnt(Main.java:217)
	at org.apache.tools.ant.launch.Launcher.run(Launcher.java:280)
	at org.apache.tools.ant.launch.Launcher.main(Launcher.java:109)
Unable to obtain resource from /home/unmesh/work/pubmatic/target/build/classes/com/pubmatic/parser/DesktopApplications.class: 
java.util.zip.ZipException: error in opening zip file
	at java.util.zip.ZipFile.open(Native Method)
	at java.util.zip.ZipFile.<init>(ZipFile.java:220)
	at java.util.zip.ZipFile.<init>(ZipFile.java:150)
	at java.util.jar.JarFile.<init>(JarFile.java:166)
	at java.util.jar.JarFile.<init>(JarFile.java:130)
	at org.apache.tools.ant.AntClassLoader.getResourceURL(AntClassLoader.java:1002)
	at org.apache.tools.ant.AntClassLoader$ResourceEnumeration.findNextResource(AntClassLoader.java:145)
	at org.apache.tools.ant.AntClassLoader$ResourceEnumeration.<init>(AntClassLoader.java:109)
	at org.apache.tools.ant.AntClassLoader.findResources(AntClassLoader.java:949)
	at org.apache.tools.ant.AntClassLoader.findResources(AntClassLoader.java:931)
	at java.lang.ClassLoader.getResources(ClassLoader.java:1139)
	at java.util.ServiceLoader$LazyIterator.hasNextService(ServiceLoader.java:348)
	at java.util.ServiceLoader$LazyIterator.hasNext(ServiceLoader.java:393)
	at java.util.ServiceLoader$1.hasNext(ServiceLoader.java:474)
	at javax.xml.parsers.FactoryFinder$1.run(FactoryFinder.java:293)
	at java.security.AccessController.doPrivileged(Native Method)
	at javax.xml.parsers.FactoryFinder.findServiceProvider(FactoryFinder.java:289)
	at javax.xml.parsers.FactoryFinder.find(FactoryFinder.java:267)
	at javax.xml.parsers.DocumentBuilderFactory.newInstance(DocumentBuilderFactory.java:120)
	at org.apache.tools.ant.taskdefs.optional.junit.XMLJUnitResultFormatter.getDocumentBuilder(XMLJUnitResultFormatter.java:60)
	at org.apache.tools.ant.taskdefs.optional.junit.XMLJUnitResultFormatter.startTestSuite(XMLJUnitResultFormatter.java:115)
	at org.apache.tools.ant.taskdefs.optional.junit.JUnitTestRunner.fireStartTestSuite(JUnitTestRunner.java:719)
	at org.apache.tools.ant.taskdefs.optional.junit.JUnitTestRunner.run(JUnitTestRunner.java:506)
	at org.apache.tools.ant.taskdefs.optional.junit.JUnitTask.executeInVM(JUnitTask.java:1420)
	at org.apache.tools.ant.taskdefs.optional.junit.JUnitTask.execute(JUnitTask.java:848)
	at org.apache.tools.ant.taskdefs.optional.junit.JUnitTask.executeOrQueue(JUnitTask.java:1899)
	at org.apache.tools.ant.taskdefs.optional.junit.JUnitTask.execute(JUnitTask.java:800)
	at org.apache.tools.ant.UnknownElement.execute(UnknownElement.java:291)
	at sun.reflect.GeneratedMethodAccessor4.invoke(Unknown Source)
	at sun.reflect.DelegatingMethodAccessorImpl.invoke(DelegatingMethodAccessorImpl.java:43)
	at java.lang.reflect.Method.invoke(Method.java:483)
	at org.apache.tools.ant.dispatch.DispatchUtils.execute(DispatchUtils.java:106)
	at org.apache.tools.ant.Task.perform(Task.java:348)
	at org.apache.tools.ant.Target.execute(Target.java:390)
	at org.apache.tools.ant.Target.performTasks(Target.java:411)
	at org.apache.tools.ant.Project.executeSortedTargets(Project.java:1399)
	at org.apache.tools.ant.Project.executeTarget(Project.java:1368)
	at org.apache.tools.ant.helper.DefaultExecutor.executeTargets(DefaultExecutor.java:41)
	at org.apache.tools.ant.Project.executeTargets(Project.java:1251)
	at org.apache.tools.ant.Main.runBuild(Main.java:809)
	at org.apache.tools.ant.Main.startAnt(Main.java:217)
	at org.apache.tools.ant.launch.Launcher.run(Launcher.java:280)
	at org.apache.tools.ant.launch.Launcher.main(Launcher.java:109)
Unable to obtain resource from /home/unmesh/work/pubmatic/target/build/classes/com/pubmatic/parser/HighLevelSiteInfo.class: 
java.util.zip.ZipException: error in opening zip file
	at java.util.zip.ZipFile.open(Native Method)
	at java.util.zip.ZipFile.<init>(ZipFile.java:220)
	at java.util.zip.ZipFile.<init>(ZipFile.java:150)
	at java.util.jar.JarFile.<init>(JarFile.java:166)
	at java.util.jar.JarFile.<init>(JarFile.java:130)
	at org.apache.tools.ant.AntClassLoader.getResourceURL(AntClassLoader.java:1002)
	at org.apache.tools.ant.AntClassLoader$ResourceEnumeration.findNextResource(AntClassLoader.java:145)
	at org.apache.tools.ant.AntClassLoader$ResourceEnumeration.<init>(AntClassLoader.java:109)
	at org.apache.tools.ant.AntClassLoader.findResources(AntClassLoader.java:949)
	at org.apache.tools.ant.AntClassLoader.findResources(AntClassLoader.java:931)
	at java.lang.ClassLoader.getResources(ClassLoader.java:1139)
	at java.util.ServiceLoader$LazyIterator.hasNextService(ServiceLoader.java:348)
	at java.util.ServiceLoader$LazyIterator.hasNext(ServiceLoader.java:393)
	at java.util.ServiceLoader$1.hasNext(ServiceLoader.java:474)
	at javax.xml.parsers.FactoryFinder$1.run(FactoryFinder.java:293)
	at java.security.AccessController.doPrivileged(Native Method)
	at javax.xml.parsers.FactoryFinder.findServiceProvider(FactoryFinder.java:289)
	at javax.xml.parsers.FactoryFinder.find(FactoryFinder.java:267)
	at javax.xml.parsers.DocumentBuilderFactory.newInstance(DocumentBuilderFactory.java:120)
	at org.apache.tools.ant.taskdefs.optional.junit.XMLJUnitResultFormatter.getDocumentBuilder(XMLJUnitResultFormatter.java:60)
	at org.apache.tools.ant.taskdefs.optional.junit.XMLJUnitResultFormatter.startTestSuite(XMLJUnitResultFormatter.java:115)
	at org.apache.tools.ant.taskdefs.optional.junit.JUnitTestRunner.fireStartTestSuite(JUnitTestRunner.java:719)
	at org.apache.tools.ant.taskdefs.optional.junit.JUnitTestRunner.run(JUnitTestRunner.java:506)
	at org.apache.tools.ant.taskdefs.optional.junit.JUnitTask.executeInVM(JUnitTask.java:1420)
	at org.apache.tools.ant.taskdefs.optional.junit.JUnitTask.execute(JUnitTask.java:848)
	at org.apache.tools.ant.taskdefs.optional.junit.JUnitTask.executeOrQueue(JUnitTask.java:1899)
	at org.apache.tools.ant.taskdefs.optional.junit.JUnitTask.execute(JUnitTask.java:800)
	at org.apache.tools.ant.UnknownElement.execute(UnknownElement.java:291)
	at sun.reflect.GeneratedMethodAccessor4.invoke(Unknown Source)
	at sun.reflect.DelegatingMethodAccessorImpl.invoke(DelegatingMethodAccessorImpl.java:43)
	at java.lang.reflect.Method.invoke(Method.java:483)
	at org.apache.tools.ant.dispatch.DispatchUtils.execute(DispatchUtils.java:106)
	at org.apache.tools.ant.Task.perform(Task.java:348)
	at org.apache.tools.ant.Target.execute(Target.java:390)
	at org.apache.tools.ant.Target.performTasks(Target.java:411)
	at org.apache.tools.ant.Project.executeSortedTargets(Project.java:1399)
	at org.apache.tools.ant.Project.executeTarget(Project.java:1368)
	at org.apache.tools.ant.helper.DefaultExecutor.executeTargets(DefaultExecutor.java:41)
	at org.apache.tools.ant.Project.executeTargets(Project.java:1251)
	at org.apache.tools.ant.Main.runBuild(Main.java:809)
	at org.apache.tools.ant.Main.startAnt(Main.java:217)
	at org.apache.tools.ant.launch.Launcher.run(Launcher.java:280)
	at org.apache.tools.ant.launch.Launcher.main(Launcher.java:109)
Unable to obtain resource from /home/unmesh/work/pubmatic/target/build/classes/com/pubmatic/parser/Onboarding.class: 
java.util.zip.ZipException: error in opening zip file
	at java.util.zip.ZipFile.open(Native Method)
	at java.util.zip.ZipFile.<init>(ZipFile.java:220)
	at java.util.zip.ZipFile.<init>(ZipFile.java:150)
	at java.util.jar.JarFile.<init>(JarFile.java:166)
	at java.util.jar.JarFile.<init>(JarFile.java:130)
	at org.apache.tools.ant.AntClassLoader.getResourceURL(AntClassLoader.java:1002)
	at org.apache.tools.ant.AntClassLoader$ResourceEnumeration.findNextResource(AntClassLoader.java:145)
	at org.apache.tools.ant.AntClassLoader$ResourceEnumeration.<init>(AntClassLoader.java:109)
	at org.apache.tools.ant.AntClassLoader.findResources(AntClassLoader.java:949)
	at org.apache.tools.ant.AntClassLoader.findResources(AntClassLoader.java:931)
	at java.lang.ClassLoader.getResources(ClassLoader.java:1139)
	at java.util.ServiceLoader$LazyIterator.hasNextService(ServiceLoader.java:348)
	at java.util.ServiceLoader$LazyIterator.hasNext(ServiceLoader.java:393)
	at java.util.ServiceLoader$1.hasNext(ServiceLoader.java:474)
	at javax.xml.parsers.FactoryFinder$1.run(FactoryFinder.java:293)
	at java.security.AccessController.doPrivileged(Native Method)
	at javax.xml.parsers.FactoryFinder.findServiceProvider(FactoryFinder.java:289)
	at javax.xml.parsers.FactoryFinder.find(FactoryFinder.java:267)
	at javax.xml.parsers.DocumentBuilderFactory.newInstance(DocumentBuilderFactory.java:120)
	at org.apache.tools.ant.taskdefs.optional.junit.XMLJUnitResultFormatter.getDocumentBuilder(XMLJUnitResultFormatter.java:60)
	at org.apache.tools.ant.taskdefs.optional.junit.XMLJUnitResultFormatter.startTestSuite(XMLJUnitResultFormatter.java:115)
	at org.apache.tools.ant.taskdefs.optional.junit.JUnitTestRunner.fireStartTestSuite(JUnitTestRunner.java:719)
	at org.apache.tools.ant.taskdefs.optional.junit.JUnitTestRunner.run(JUnitTestRunner.java:506)
	at org.apache.tools.ant.taskdefs.optional.junit.JUnitTask.executeInVM(JUnitTask.java:1420)
	at org.apache.tools.ant.taskdefs.optional.junit.JUnitTask.execute(JUnitTask.java:848)
	at org.apache.tools.ant.taskdefs.optional.junit.JUnitTask.executeOrQueue(JUnitTask.java:1899)
	at org.apache.tools.ant.taskdefs.optional.junit.JUnitTask.execute(JUnitTask.java:800)
	at org.apache.tools.ant.UnknownElement.execute(UnknownElement.java:291)
	at sun.reflect.GeneratedMethodAccessor4.invoke(Unknown Source)
	at sun.reflect.DelegatingMethodAccessorImpl.invoke(DelegatingMethodAccessorImpl.java:43)
	at java.lang.reflect.Method.invoke(Method.java:483)
	at org.apache.tools.ant.dispatch.DispatchUtils.execute(DispatchUtils.java:106)
	at org.apache.tools.ant.Task.perform(Task.java:348)
	at org.apache.tools.ant.Target.execute(Target.java:390)
	at org.apache.tools.ant.Target.performTasks(Target.java:411)
	at org.apache.tools.ant.Project.executeSortedTargets(Project.java:1399)
	at org.apache.tools.ant.Project.executeTarget(Project.java:1368)
	at org.apache.tools.ant.helper.DefaultExecutor.executeTargets(DefaultExecutor.java:41)
	at org.apache.tools.ant.Project.executeTargets(Project.java:1251)
	at org.apache.tools.ant.Main.runBuild(Main.java:809)
	at org.apache.tools.ant.Main.startAnt(Main.java:217)
	at org.apache.tools.ant.launch.Launcher.run(Launcher.java:280)
	at org.apache.tools.ant.launch.Launcher.main(Launcher.java:109)
Unable to obtain resource from /home/unmesh/work/pubmatic/target/build/classes/com/pubmatic/parser/PlatformEngagement.class: 
java.util.zip.ZipException: error in opening zip file
	at java.util.zip.ZipFile.open(Native Method)
	at java.util.zip.ZipFile.<init>(ZipFile.java:220)
	at java.util.zip.ZipFile.<init>(ZipFile.java:150)
	at java.util.jar.JarFile.<init>(JarFile.java:166)
	at java.util.jar.JarFile.<init>(JarFile.java:130)
	at org.apache.tools.ant.AntClassLoader.getResourceURL(AntClassLoader.java:1002)
	at org.apache.tools.ant.AntClassLoader$ResourceEnumeration.findNextResource(AntClassLoader.java:145)
	at org.apache.tools.ant.AntClassLoader$ResourceEnumeration.<init>(AntClassLoader.java:109)
	at org.apache.tools.ant.AntClassLoader.findResources(AntClassLoader.java:949)
	at org.apache.tools.ant.AntClassLoader.findResources(AntClassLoader.java:931)
	at java.lang.ClassLoader.getResources(ClassLoader.java:1139)
	at java.util.ServiceLoader$LazyIterator.hasNextService(ServiceLoader.java:348)
	at java.util.ServiceLoader$LazyIterator.hasNext(ServiceLoader.java:393)
	at java.util.ServiceLoader$1.hasNext(ServiceLoader.java:474)
	at javax.xml.parsers.FactoryFinder$1.run(FactoryFinder.java:293)
	at java.security.AccessController.doPrivileged(Native Method)
	at javax.xml.parsers.FactoryFinder.findServiceProvider(FactoryFinder.java:289)
	at javax.xml.parsers.FactoryFinder.find(FactoryFinder.java:267)
	at javax.xml.parsers.DocumentBuilderFactory.newInstance(DocumentBuilderFactory.java:120)
	at org.apache.tools.ant.taskdefs.optional.junit.XMLJUnitResultFormatter.getDocumentBuilder(XMLJUnitResultFormatter.java:60)
	at org.apache.tools.ant.taskdefs.optional.junit.XMLJUnitResultFormatter.startTestSuite(XMLJUnitResultFormatter.java:115)
	at org.apache.tools.ant.taskdefs.optional.junit.JUnitTestRunner.fireStartTestSuite(JUnitTestRunner.java:719)
	at org.apache.tools.ant.taskdefs.optional.junit.JUnitTestRunner.run(JUnitTestRunner.java:506)
	at org.apache.tools.ant.taskdefs.optional.junit.JUnitTask.executeInVM(JUnitTask.java:1420)
	at org.apache.tools.ant.taskdefs.optional.junit.JUnitTask.execute(JUnitTask.java:848)
	at org.apache.tools.ant.taskdefs.optional.junit.JUnitTask.executeOrQueue(JUnitTask.java:1899)
	at org.apache.tools.ant.taskdefs.optional.junit.JUnitTask.execute(JUnitTask.java:800)
	at org.apache.tools.ant.UnknownElement.execute(UnknownElement.java:291)
	at sun.reflect.GeneratedMethodAccessor4.invoke(Unknown Source)
	at sun.reflect.DelegatingMethodAccessorImpl.invoke(DelegatingMethodAccessorImpl.java:43)
	at java.lang.reflect.Method.invoke(Method.java:483)
	at org.apache.tools.ant.dispatch.DispatchUtils.execute(DispatchUtils.java:106)
	at org.apache.tools.ant.Task.perform(Task.java:348)
	at org.apache.tools.ant.Target.execute(Target.java:390)
	at org.apache.tools.ant.Target.performTasks(Target.java:411)
	at org.apache.tools.ant.Project.executeSortedTargets(Project.java:1399)
	at org.apache.tools.ant.Project.executeTarget(Project.java:1368)
	at org.apache.tools.ant.helper.DefaultExecutor.executeTargets(DefaultExecutor.java:41)
	at org.apache.tools.ant.Project.executeTargets(Project.java:1251)
	at org.apache.tools.ant.Main.runBuild(Main.java:809)
	at org.apache.tools.ant.Main.startAnt(Main.java:217)
	at org.apache.tools.ant.launch.Launcher.run(Launcher.java:280)
	at org.apache.tools.ant.launch.Launcher.main(Launcher.java:109)
Unable to obtain resource from /home/unmesh/work/pubmatic/target/build/classes/com/pubmatic/parser/SiteInfo.class: 
java.util.zip.ZipException: error in opening zip file
	at java.util.zip.ZipFile.open(Native Method)
	at java.util.zip.ZipFile.<init>(ZipFile.java:220)
	at java.util.zip.ZipFile.<init>(ZipFile.java:150)
	at java.util.jar.JarFile.<init>(JarFile.java:166)
	at java.util.jar.JarFile.<init>(JarFile.java:130)
	at org.apache.tools.ant.AntClassLoader.getResourceURL(AntClassLoader.java:1002)
	at org.apache.tools.ant.AntClassLoader$ResourceEnumeration.findNextResource(AntClassLoader.java:145)
	at org.apache.tools.ant.AntClassLoader$ResourceEnumeration.<init>(AntClassLoader.java:109)
	at org.apache.tools.ant.AntClassLoader.findResources(AntClassLoader.java:949)
	at org.apache.tools.ant.AntClassLoader.findResources(AntClassLoader.java:931)
	at java.lang.ClassLoader.getResources(ClassLoader.java:1139)
	at java.util.ServiceLoader$LazyIterator.hasNextService(ServiceLoader.java:348)
	at java.util.ServiceLoader$LazyIterator.hasNext(ServiceLoader.java:393)
	at java.util.ServiceLoader$1.hasNext(ServiceLoader.java:474)
	at javax.xml.parsers.FactoryFinder$1.run(FactoryFinder.java:293)
	at java.security.AccessController.doPrivileged(Native Method)
	at javax.xml.parsers.FactoryFinder.findServiceProvider(FactoryFinder.java:289)
	at javax.xml.parsers.FactoryFinder.find(FactoryFinder.java:267)
	at javax.xml.parsers.DocumentBuilderFactory.newInstance(DocumentBuilderFactory.java:120)
	at org.apache.tools.ant.taskdefs.optional.junit.XMLJUnitResultFormatter.getDocumentBuilder(XMLJUnitResultFormatter.java:60)
	at org.apache.tools.ant.taskdefs.optional.junit.XMLJUnitResultFormatter.startTestSuite(XMLJUnitResultFormatter.java:115)
	at org.apache.tools.ant.taskdefs.optional.junit.JUnitTestRunner.fireStartTestSuite(JUnitTestRunner.java:719)
	at org.apache.tools.ant.taskdefs.optional.junit.JUnitTestRunner.run(JUnitTestRunner.java:506)
	at org.apache.tools.ant.taskdefs.optional.junit.JUnitTask.executeInVM(JUnitTask.java:1420)
	at org.apache.tools.ant.taskdefs.optional.junit.JUnitTask.execute(JUnitTask.java:848)
	at org.apache.tools.ant.taskdefs.optional.junit.JUnitTask.executeOrQueue(JUnitTask.java:1899)
	at org.apache.tools.ant.taskdefs.optional.junit.JUnitTask.execute(JUnitTask.java:800)
	at org.apache.tools.ant.UnknownElement.execute(UnknownElement.java:291)
	at sun.reflect.GeneratedMethodAccessor4.invoke(Unknown Source)
	at sun.reflect.DelegatingMethodAccessorImpl.invoke(DelegatingMethodAccessorImpl.java:43)
	at java.lang.reflect.Method.invoke(Method.java:483)
	at org.apache.tools.ant.dispatch.DispatchUtils.execute(DispatchUtils.java:106)
	at org.apache.tools.ant.Task.perform(Task.java:348)
	at org.apache.tools.ant.Target.execute(Target.java:390)
	at org.apache.tools.ant.Target.performTasks(Target.java:411)
	at org.apache.tools.ant.Project.executeSortedTargets(Project.java:1399)
	at org.apache.tools.ant.Project.executeTarget(Project.java:1368)
	at org.apache.tools.ant.helper.DefaultExecutor.executeTargets(DefaultExecutor.java:41)
	at org.apache.tools.ant.Project.executeTargets(Project.java:1251)
	at org.apache.tools.ant.Main.runBuild(Main.java:809)
	at org.apache.tools.ant.Main.startAnt(Main.java:217)
	at org.apache.tools.ant.launch.Launcher.run(Launcher.java:280)
	at org.apache.tools.ant.launch.Launcher.main(Launcher.java:109)
Unable to obtain resource from /home/unmesh/work/pubmatic/target/build/classes/com/pubmatic/parser/Website.class: 
java.util.zip.ZipException: error in opening zip file
	at java.util.zip.ZipFile.open(Native Method)
	at java.util.zip.ZipFile.<init>(ZipFile.java:220)
	at java.util.zip.ZipFile.<init>(ZipFile.java:150)
	at java.util.jar.JarFile.<init>(JarFile.java:166)
	at java.util.jar.JarFile.<init>(JarFile.java:130)
	at org.apache.tools.ant.AntClassLoader.getResourceURL(AntClassLoader.java:1002)
	at org.apache.tools.ant.AntClassLoader$ResourceEnumeration.findNextResource(AntClassLoader.java:145)
	at org.apache.tools.ant.AntClassLoader$ResourceEnumeration.<init>(AntClassLoader.java:109)
	at org.apache.tools.ant.AntClassLoader.findResources(AntClassLoader.java:949)
	at org.apache.tools.ant.AntClassLoader.findResources(AntClassLoader.java:931)
	at java.lang.ClassLoader.getResources(ClassLoader.java:1139)
	at java.util.ServiceLoader$LazyIterator.hasNextService(ServiceLoader.java:348)
	at java.util.ServiceLoader$LazyIterator.hasNext(ServiceLoader.java:393)
	at java.util.ServiceLoader$1.hasNext(ServiceLoader.java:474)
	at javax.xml.parsers.FactoryFinder$1.run(FactoryFinder.java:293)
	at java.security.AccessController.doPrivileged(Native Method)
	at javax.xml.parsers.FactoryFinder.findServiceProvider(FactoryFinder.java:289)
	at javax.xml.parsers.FactoryFinder.find(FactoryFinder.java:267)
	at javax.xml.parsers.DocumentBuilderFactory.newInstance(DocumentBuilderFactory.java:120)
	at org.apache.tools.ant.taskdefs.optional.junit.XMLJUnitResultFormatter.getDocumentBuilder(XMLJUnitResultFormatter.java:60)
	at org.apache.tools.ant.taskdefs.optional.junit.XMLJUnitResultFormatter.startTestSuite(XMLJUnitResultFormatter.java:115)
	at org.apache.tools.ant.taskdefs.optional.junit.JUnitTestRunner.fireStartTestSuite(JUnitTestRunner.java:719)
	at org.apache.tools.ant.taskdefs.optional.junit.JUnitTestRunner.run(JUnitTestRunner.java:506)
	at org.apache.tools.ant.taskdefs.optional.junit.JUnitTask.executeInVM(JUnitTask.java:1420)
	at org.apache.tools.ant.taskdefs.optional.junit.JUnitTask.execute(JUnitTask.java:848)
	at org.apache.tools.ant.taskdefs.optional.junit.JUnitTask.executeOrQueue(JUnitTask.java:1899)
	at org.apache.tools.ant.taskdefs.optional.junit.JUnitTask.execute(JUnitTask.java:800)
	at org.apache.tools.ant.UnknownElement.execute(UnknownElement.java:291)
	at sun.reflect.GeneratedMethodAccessor4.invoke(Unknown Source)
	at sun.reflect.DelegatingMethodAccessorImpl.invoke(DelegatingMethodAccessorImpl.java:43)
	at java.lang.reflect.Method.invoke(Method.java:483)
	at org.apache.tools.ant.dispatch.DispatchUtils.execute(DispatchUtils.java:106)
	at org.apache.tools.ant.Task.perform(Task.java:348)
	at org.apache.tools.ant.Target.execute(Target.java:390)
	at org.apache.tools.ant.Target.performTasks(Target.java:411)
	at org.apache.tools.ant.Project.executeSortedTargets(Project.java:1399)
	at org.apache.tools.ant.Project.executeTarget(Project.java:1368)
	at org.apache.tools.ant.helper.DefaultExecutor.executeTargets(DefaultExecutor.java:41)
	at org.apache.tools.ant.Project.executeTargets(Project.java:1251)
	at org.apache.tools.ant.Main.runBuild(Main.java:809)
	at org.apache.tools.ant.Main.startAnt(Main.java:217)
	at org.apache.tools.ant.launch.Launcher.run(Launcher.java:280)
	at org.apache.tools.ant.launch.Launcher.main(Launcher.java:109)
Unable to obtain resource from /home/unmesh/work/pubmatic/target/build/classes/com/pubmatic/parser/WebsiteDetails.class: 
java.util.zip.ZipException: error in opening zip file
	at java.util.zip.ZipFile.open(Native Method)
	at java.util.zip.ZipFile.<init>(ZipFile.java:220)
	at java.util.zip.ZipFile.<init>(ZipFile.java:150)
	at java.util.jar.JarFile.<init>(JarFile.java:166)
	at java.util.jar.JarFile.<init>(JarFile.java:130)
	at org.apache.tools.ant.AntClassLoader.getResourceURL(AntClassLoader.java:1002)
	at org.apache.tools.ant.AntClassLoader$ResourceEnumeration.findNextResource(AntClassLoader.java:145)
	at org.apache.tools.ant.AntClassLoader$ResourceEnumeration.<init>(AntClassLoader.java:109)
	at org.apache.tools.ant.AntClassLoader.findResources(AntClassLoader.java:949)
	at org.apache.tools.ant.AntClassLoader.findResources(AntClassLoader.java:931)
	at java.lang.ClassLoader.getResources(ClassLoader.java:1139)
	at java.util.ServiceLoader$LazyIterator.hasNextService(ServiceLoader.java:348)
	at java.util.ServiceLoader$LazyIterator.hasNext(ServiceLoader.java:393)
	at java.util.ServiceLoader$1.hasNext(ServiceLoader.java:474)
	at javax.xml.parsers.FactoryFinder$1.run(FactoryFinder.java:293)
	at java.security.AccessController.doPrivileged(Native Method)
	at javax.xml.parsers.FactoryFinder.findServiceProvider(FactoryFinder.java:289)
	at javax.xml.parsers.FactoryFinder.find(FactoryFinder.java:267)
	at javax.xml.parsers.DocumentBuilderFactory.newInstance(DocumentBuilderFactory.java:120)
	at org.apache.tools.ant.taskdefs.optional.junit.XMLJUnitResultFormatter.getDocumentBuilder(XMLJUnitResultFormatter.java:60)
	at org.apache.tools.ant.taskdefs.optional.junit.XMLJUnitResultFormatter.startTestSuite(XMLJUnitResultFormatter.java:115)
	at org.apache.tools.ant.taskdefs.optional.junit.JUnitTestRunner.fireStartTestSuite(JUnitTestRunner.java:719)
	at org.apache.tools.ant.taskdefs.optional.junit.JUnitTestRunner.run(JUnitTestRunner.java:506)
	at org.apache.tools.ant.taskdefs.optional.junit.JUnitTask.executeInVM(JUnitTask.java:1420)
	at org.apache.tools.ant.taskdefs.optional.junit.JUnitTask.execute(JUnitTask.java:848)
	at org.apache.tools.ant.taskdefs.optional.junit.JUnitTask.executeOrQueue(JUnitTask.java:1899)
	at org.apache.tools.ant.taskdefs.optional.junit.JUnitTask.execute(JUnitTask.java:800)
	at org.apache.tools.ant.UnknownElement.execute(UnknownElement.java:291)
	at sun.reflect.GeneratedMethodAccessor4.invoke(Unknown Source)
	at sun.reflect.DelegatingMethodAccessorImpl.invoke(DelegatingMethodAccessorImpl.java:43)
	at java.lang.reflect.Method.invoke(Method.java:483)
	at org.apache.tools.ant.dispatch.DispatchUtils.execute(DispatchUtils.java:106)
	at org.apache.tools.ant.Task.perform(Task.java:348)
	at org.apache.tools.ant.Target.execute(Target.java:390)
	at org.apache.tools.ant.Target.performTasks(Target.java:411)
	at org.apache.tools.ant.Project.executeSortedTargets(Project.java:1399)
	at org.apache.tools.ant.Project.executeTarget(Project.java:1368)
	at org.apache.tools.ant.helper.DefaultExecutor.executeTargets(DefaultExecutor.java:41)
	at org.apache.tools.ant.Project.executeTargets(Project.java:1251)
	at org.apache.tools.ant.Main.runBuild(Main.java:809)
	at org.apache.tools.ant.Main.startAnt(Main.java:217)
	at org.apache.tools.ant.launch.Launcher.run(Launcher.java:280)
	at org.apache.tools.ant.launch.Launcher.main(Launcher.java:109)
]]></system-err>
</testsuite>
